<?xml version="1.0" encoding="UTF-8"?>
<!-- Generated by org.testng.reporters.JUnitReportReporter -->
<testsuite skipped="0" hostname="DESKTOP-IP3VS9D" name="org.dataproviderclass.LoginData" tests="4" failures="0" timestamp="10 Apr 2023 02:37:53 GMT" time="0.114" errors="0">
  <testcase name="metods" time="0.046" classname="org.dataproviderclass.LoginData"/>
  <testcase name="metods" time="0.016" classname="org.dataproviderclass.LoginData"/>
  <testcase name="metods" time="0.014" classname="org.dataproviderclass.LoginData"/>
  <testcase name="metods" time="0.038" classname="org.dataproviderclass.LoginData"/>
</testsuite> <!-- org.dataproviderclass.LoginData -->
